<?xml version="1.0" encoding="UTF-8"?>
<testsuite name="TestSuite" time="246.166" tests="5" errors="0" skipped="0" failures="0">
  <properties>
[...]
</properties>
  <testcase name="accountRegistration" classname="vivino.tests.MobileDemoTest" time="25.008"/>
  <testcase name="checkNearbyPlaces" classname="vivino.tests.MobileDemoTest" time="39.229"/>
  <testcase name="followUser" classname="vivino.tests.MobileDemoTest" time="81.634"/>
  <testcase name="logIn" classname="vivino.tests.MobileDemoTest" time="63.376"/>
  <testcase name="recognizeVine" classname="vivino.tests.MobileDemoTest" time="36.919"/>
</testsuite>