<?xml version="1.0" encoding="UTF-8"?>
<!-- Generated by org.testng.reporters.JUnitXMLReporter -->
<testsuite hostname="topPower" name="Mobile Native Demo Test 1" tests="5" failures="0" timestamp="21 Aug 2015 11:04:31 GMT" time="340.417" errors="0">
  <testcase name="accountRegistration" time="25.012" classname="vivino.tests.MobileDemoTest"/>
  <testcase name="checkNearbyPlaces" time="39.226" classname="vivino.tests.MobileDemoTest"/>
  <testcase name="followUser" time="81.633" classname="vivino.tests.MobileDemoTest"/>
  <testcase name="logIn" time="63.376" classname="vivino.tests.MobileDemoTest"/>
  <testcase name="recognizeVine" time="36.918" classname="vivino.tests.MobileDemoTest"/>
</testsuite> <!-- Mobile Native Demo Test 1 -->
